1620480566467	geckodriver	INFO	Listening on 127.0.0.1:59540
1620480569528	mozrunner::runner	INFO	Running command: "C:\\Program Files\\Mozilla Firefox\\firefox.exe" "--marionette" "-foreground" "-no-remote" "-profile" "C:\\Users\\janak\\AppData\\Local\\Temp\\rust_mozprofileSJwvlJ"
1620480570172	Marionette	INFO	Marionette enabled
console.warn: SearchSettings: "get: No settings file exists, new profile?" (new Error("", "(unknown module)"))
1620480577629	Marionette	INFO	Listening on port 59549
1620480577775	Marionette	WARN	TLS certificate errors will be ignored for this session
1620481516084	Marionette	INFO	Stopped listening on port 59549

###!!! [Child][RunMessage] Error: Channel closing: too late to send/recv, messages will be lost

"--marionette" "-foreground" "-no-remote" "-profile" "C:\\Users\\janak\\AppData\\Local\\Temp\\rust_mozprofile1ZgjXz"
1620481471844	Marionette	INFO	Marionette enabled
console.warn: SearchSettings: "get: No settings file exists, new profile?" (new Error("", "(unknown module)"))
1620481477680	Marionette	INFO	Listening on port 59874
1620481478055	Marionette	WARN	TLS certificate errors will be ignored for this session
[Parent 20512, IPC I/O Parent] WARNING: file /builds/worker/checkouts/gecko/ipc/chromium/src/base/process_util_win.cc:167
console.warn: LoginRecipes: "getRecipes: falling back to a synchronous message for:" "https://twitter.com"
1620481809607	Marionette	INFO	Stopped listening on port 59874

###!!! [Child][RunMessage] Error: Channel closing: too late to send/recv, messages will be lost

"--marionette" "-foreground" "-no-remote" "-profile" "C:\\Users\\janak\\AppData\\Local\\Temp\\rust_mozprofile3xtp0X"
1620481628661	Marionette	INFO	Marionette enabled
console.warn: SearchSettings: "get: No settings file exists, new profile?" (new Error("", "(unknown module)"))
1620481635553	Marionette	INFO	Listening on port 59971
1620481635653	Marionette	WARN	TLS certificate errors will be ignored for this session
console.warn: LoginRecipes: "getRecipes: falling back to a synchronous message for:" "https://twitter.com"
1620481863827	Marionette	INFO	Stopped listening on port 59971

###!!! [Child][RunMessage] Error: Channel closing: too late to send/recv, messages will be lost

1620481874923	geckodriver	INFO	Listening on 127.0.0.1:60071
1620481877980	mozrunner::runner	INFO	Running command: "C:\\Program Files\\Mozilla Firefox\\firefox.exe" "--marionette" "-foreground" "-no-remote" "-profile" "C:\\Users\\janak\\AppData\\Local\\Temp\\rust_mozprofileE3Zr3P"
1620481879259	Marionette	INFO	Marionette enabled
console.warn: SearchSettings: "get: No settings file exists, new profile?" (new Error("", "(unknown module)"))
1620481885692	Marionette	INFO	Listening on port 60079
1620481885774	Marionette	WARN	TLS certificate errors will be ignored for this session
console.warn: LoginRecipes: "getRecipes: falling back to a synchronous message for:" "https://twitter.com"

###!!! [Parent][RunMessage] Error: Channel closing: too late to send/recv, messages will be lost


###!!! [Parent][RunMessage] Error: Channel closing: too late to send/recv, messages will be lost


###!!! [Parent][RunMessage] Error: Channel closing: too late to send/recv, messages will be lost


###!!! [Parent][RunMessage] Error: Channel closing: too late to send/recv, messages will be lost


###!!! [Parent][RunMessage] Error: Channel closing: too late to send/recv, messages will be lost


###!!! [Parent][RunMessage] Error: Channel closing: too late to send/recv, messages will be lost


###!!! [Parent][RunMessage] Error: Channel closing: too late to send/recv, messages will be lost


###!!! [Parent][RunMessage] Error: Channel closing: too late to send/recv, messages will be lost

1620486274752	Marionette	INFO	Stopped listening on port 60079

###!!! [Child][RunMessage] Error: Channel closing: too late to send/recv, messages will be lost

